Started GET "/" for ::1 at 2017-04-06 16:59:05 -0400
Processing by MainController#index as HTML
  Rendering main/index.html.erb within layouts/application
  Rendered main/index.html.erb within layouts/application (2.6ms)
Completed 200 OK in 614ms (Views: 599.2ms | ActiveRecord: 0.0ms)


Started GET "/" for ::1 at 2017-04-06 17:39:44 -0400
Processing by MainController#index as HTML
  Rendering main/index.html.erb within layouts/application
  Rendered main/index.html.erb within layouts/application (2.6ms)
Completed 200 OK in 1498ms (Views: 1481.1ms | ActiveRecord: 0.0ms)


Started GET "/" for ::1 at 2017-04-06 17:46:25 -0400
Processing by MainController#index as HTML
  Rendering main/index.html.erb within layouts/application
  Rendered main/index.html.erb within layouts/application (1.8ms)
Completed 200 OK in 2536ms (Views: 2523.3ms | ActiveRecord: 0.0ms)


Started GET "/" for ::1 at 2017-04-06 17:46:32 -0400
Processing by MainController#index as HTML
  Rendering main/index.html.erb within layouts/application
  Rendered main/index.html.erb within layouts/application (0.7ms)
Completed 200 OK in 47ms (Views: 42.9ms | ActiveRecord: 0.0ms)


Started GET "/" for ::1 at 2017-04-06 17:51:21 -0400
Processing by MainController#index as HTML
  Rendering main/index.html.erb within layouts/application
  Rendered main/index.html.erb within layouts/application (2.1ms)
Completed 200 OK in 1326ms (Views: 1308.7ms | ActiveRecord: 0.0ms)


Started GET "/" for ::1 at 2017-04-06 17:56:14 -0400
Processing by MainController#index as HTML
  Rendering main/index.html.erb within layouts/application
  Rendered main/index.html.erb within layouts/application (3.9ms)
Completed 200 OK in 1471ms (Views: 1462.4ms | ActiveRecord: 0.0ms)


Started GET "/" for ::1 at 2017-04-06 17:56:20 -0400
Processing by MainController#index as HTML
  Rendering main/index.html.erb within layouts/application
  Rendered main/index.html.erb within layouts/application (0.5ms)
Completed 200 OK in 93ms (Views: 90.5ms | ActiveRecord: 0.0ms)


Started GET "/" for ::1 at 2017-04-06 18:39:24 -0400
Processing by MainController#index as HTML
  Rendering main/index.html.erb within layouts/application
  Rendered main/index.html.erb within layouts/application (22.1ms)
Completed 200 OK in 1246ms (Views: 1226.4ms | ActiveRecord: 0.0ms)


  [1m[35m (2.1ms)[0m  [1m[35mCREATE TABLE "schema_migrations" ("version" varchar NOT NULL PRIMARY KEY)[0m
  [1m[35m (1.5ms)[0m  [1m[35mCREATE TABLE "ar_internal_metadata" ("key" varchar NOT NULL PRIMARY KEY, "value" varchar, "created_at" datetime NOT NULL, "updated_at" datetime NOT NULL)[0m
  [1m[36mActiveRecord::SchemaMigration Load (0.2ms)[0m  [1m[34mSELECT "schema_migrations".* FROM "schema_migrations"[0m
Migrating to CreateEntries (20170406230055)
  [1m[35m (0.1ms)[0m  [1m[36mbegin transaction[0m
  [1m[35m (1.0ms)[0m  [1m[35mCREATE TABLE "entries" ("id" INTEGER PRIMARY KEY AUTOINCREMENT NOT NULL, "name" varchar, "winner" boolean, "created_at" datetime NOT NULL, "updated_at" datetime NOT NULL)[0m
  [1m[35mSQL (0.1ms)[0m  [1m[32mINSERT INTO "schema_migrations" ("version") VALUES (?)[0m  [["version", "20170406230055"]]
  [1m[35m (1.0ms)[0m  [1m[36mcommit transaction[0m
  [1m[36mActiveRecord::InternalMetadata Load (0.1ms)[0m  [1m[34mSELECT  "ar_internal_metadata".* FROM "ar_internal_metadata" WHERE "ar_internal_metadata"."key" = ? LIMIT ?[0m  [["key", :environment], ["LIMIT", 1]]
  [1m[35m (0.0ms)[0m  [1m[36mbegin transaction[0m
  [1m[35mSQL (0.4ms)[0m  [1m[32mINSERT INTO "ar_internal_metadata" ("key", "value", "created_at", "updated_at") VALUES (?, ?, ?, ?)[0m  [["key", "environment"], ["value", "development"], ["created_at", 2017-04-06 23:01:18 UTC], ["updated_at", 2017-04-06 23:01:18 UTC]]
  [1m[35m (1.2ms)[0m  [1m[36mcommit transaction[0m
  [1m[36mActiveRecord::SchemaMigration Load (0.2ms)[0m  [1m[34mSELECT "schema_migrations".* FROM "schema_migrations"[0m
  [1m[36mActiveRecord::SchemaMigration Load (0.7ms)[0m  [1m[34mSELECT "schema_migrations".* FROM "schema_migrations"[0m
  [1m[35m (0.1ms)[0m  [1m[36mbegin transaction[0m
  [1m[35mSQL (1.2ms)[0m  [1m[32mINSERT INTO "entries" ("name", "created_at", "updated_at") VALUES (?, ?, ?)[0m  [["name", "Harry"], ["created_at", 2017-04-06 23:06:54 UTC], ["updated_at", 2017-04-06 23:06:54 UTC]]
  [1m[35m (0.9ms)[0m  [1m[36mcommit transaction[0m
  [1m[35m (0.1ms)[0m  [1m[36mbegin transaction[0m
  [1m[35mSQL (0.3ms)[0m  [1m[32mINSERT INTO "entries" ("name", "created_at", "updated_at") VALUES (?, ?, ?)[0m  [["name", "Ron"], ["created_at", 2017-04-06 23:06:54 UTC], ["updated_at", 2017-04-06 23:06:54 UTC]]
  [1m[35m (1.0ms)[0m  [1m[36mcommit transaction[0m
  [1m[35m (0.1ms)[0m  [1m[36mbegin transaction[0m
  [1m[35mSQL (0.3ms)[0m  [1m[32mINSERT INTO "entries" ("name", "created_at", "updated_at") VALUES (?, ?, ?)[0m  [["name", "Hermione"], ["created_at", 2017-04-06 23:06:54 UTC], ["updated_at", 2017-04-06 23:06:54 UTC]]
  [1m[35m (0.9ms)[0m  [1m[36mcommit transaction[0m
  [1m[35m (0.1ms)[0m  [1m[36mbegin transaction[0m
  [1m[35mSQL (0.4ms)[0m  [1m[32mINSERT INTO "entries" ("name", "created_at", "updated_at") VALUES (?, ?, ?)[0m  [["name", "Draco"], ["created_at", 2017-04-06 23:06:54 UTC], ["updated_at", 2017-04-06 23:06:54 UTC]]
  [1m[35m (3.6ms)[0m  [1m[36mcommit transaction[0m
  [1m[35m (0.1ms)[0m  [1m[36mbegin transaction[0m
  [1m[35mSQL (0.3ms)[0m  [1m[32mINSERT INTO "entries" ("name", "created_at", "updated_at") VALUES (?, ?, ?)[0m  [["name", "Snape"], ["created_at", 2017-04-06 23:06:54 UTC], ["updated_at", 2017-04-06 23:06:54 UTC]]
  [1m[35m (0.8ms)[0m  [1m[36mcommit transaction[0m
  [1m[35m (0.0ms)[0m  [1m[36mbegin transaction[0m
  [1m[35mSQL (0.3ms)[0m  [1m[32mINSERT INTO "entries" ("name", "created_at", "updated_at") VALUES (?, ?, ?)[0m  [["name", "Dumbledor"], ["created_at", 2017-04-06 23:06:54 UTC], ["updated_at", 2017-04-06 23:06:54 UTC]]
  [1m[35m (1.1ms)[0m  [1m[36mcommit transaction[0m
Started GET "/api/entries" for ::1 at 2017-04-06 19:07:12 -0400
  [1m[36mActiveRecord::SchemaMigration Load (0.6ms)[0m  [1m[34mSELECT "schema_migrations".* FROM "schema_migrations"[0m
  
ActionController::RoutingError (undefined method `respond_to' for EntriesController:Class
Did you mean?  respond_to?):
  
app/controllers/entries_controller.rb:2:in `<class:EntriesController>'
app/controllers/entries_controller.rb:1:in `<top (required)>'
  Rendering /Users/stephaniewu/.rbenv/versions/2.4.0/lib/ruby/gems/2.4.0/gems/actionpack-5.0.2/lib/action_dispatch/middleware/templates/rescues/routing_error.html.erb within rescues/layout
  Rendering /Users/stephaniewu/.rbenv/versions/2.4.0/lib/ruby/gems/2.4.0/gems/actionpack-5.0.2/lib/action_dispatch/middleware/templates/rescues/_trace.html.erb
  Rendered /Users/stephaniewu/.rbenv/versions/2.4.0/lib/ruby/gems/2.4.0/gems/actionpack-5.0.2/lib/action_dispatch/middleware/templates/rescues/_trace.html.erb (4.0ms)
  Rendered collection of /Users/stephaniewu/.rbenv/versions/2.4.0/lib/ruby/gems/2.4.0/gems/actionpack-5.0.2/lib/action_dispatch/middleware/templates/routes/_route.html.erb [9 times] (19.4ms)
  Rendered /Users/stephaniewu/.rbenv/versions/2.4.0/lib/ruby/gems/2.4.0/gems/actionpack-5.0.2/lib/action_dispatch/middleware/templates/routes/_table.html.erb (12.3ms)
  Rendering /Users/stephaniewu/.rbenv/versions/2.4.0/lib/ruby/gems/2.4.0/gems/actionpack-5.0.2/lib/action_dispatch/middleware/templates/rescues/_request_and_response.html.erb
  Rendered /Users/stephaniewu/.rbenv/versions/2.4.0/lib/ruby/gems/2.4.0/gems/actionpack-5.0.2/lib/action_dispatch/middleware/templates/rescues/_request_and_response.html.erb (16.4ms)
  Rendered /Users/stephaniewu/.rbenv/versions/2.4.0/lib/ruby/gems/2.4.0/gems/actionpack-5.0.2/lib/action_dispatch/middleware/templates/rescues/routing_error.html.erb within rescues/layout (239.7ms)
Started GET "/api/entries.json" for ::1 at 2017-04-06 19:07:22 -0400
  
ActionController::RoutingError (undefined method `respond_to' for EntriesController:Class
Did you mean?  respond_to?):
  
app/controllers/entries_controller.rb:2:in `<class:EntriesController>'
app/controllers/entries_controller.rb:1:in `<top (required)>'
  Rendering /Users/stephaniewu/.rbenv/versions/2.4.0/lib/ruby/gems/2.4.0/gems/actionpack-5.0.2/lib/action_dispatch/middleware/templates/rescues/routing_error.html.erb within rescues/layout
  Rendering /Users/stephaniewu/.rbenv/versions/2.4.0/lib/ruby/gems/2.4.0/gems/actionpack-5.0.2/lib/action_dispatch/middleware/templates/rescues/_trace.html.erb
  Rendered /Users/stephaniewu/.rbenv/versions/2.4.0/lib/ruby/gems/2.4.0/gems/actionpack-5.0.2/lib/action_dispatch/middleware/templates/rescues/_trace.html.erb (8.0ms)
  Rendered collection of /Users/stephaniewu/.rbenv/versions/2.4.0/lib/ruby/gems/2.4.0/gems/actionpack-5.0.2/lib/action_dispatch/middleware/templates/routes/_route.html.erb [9 times] (6.3ms)
  Rendered /Users/stephaniewu/.rbenv/versions/2.4.0/lib/ruby/gems/2.4.0/gems/actionpack-5.0.2/lib/action_dispatch/middleware/templates/routes/_table.html.erb (2.2ms)
  Rendering /Users/stephaniewu/.rbenv/versions/2.4.0/lib/ruby/gems/2.4.0/gems/actionpack-5.0.2/lib/action_dispatch/middleware/templates/rescues/_request_and_response.html.erb
  Rendered /Users/stephaniewu/.rbenv/versions/2.4.0/lib/ruby/gems/2.4.0/gems/actionpack-5.0.2/lib/action_dispatch/middleware/templates/rescues/_request_and_response.html.erb (1.8ms)
  Rendered /Users/stephaniewu/.rbenv/versions/2.4.0/lib/ruby/gems/2.4.0/gems/actionpack-5.0.2/lib/action_dispatch/middleware/templates/rescues/routing_error.html.erb within rescues/layout (147.9ms)
Started GET "/api/entries.json" for ::1 at 2017-04-06 19:08:06 -0400
Processing by EntriesController#index as JSON
Started GET "/api/entries.json" for ::1 at 2017-04-06 19:08:16 -0400
Completed 500 Internal Server Error in 111ms (ActiveRecord: 0.0ms)


  
NoMethodError (undefined method `respond_with' for #<EntriesController:0x007fceca440750>
Did you mean?  respond_to):
  
app/controllers/entries_controller.rb:5:in `index'
  Rendering /Users/stephaniewu/.rbenv/versions/2.4.0/lib/ruby/gems/2.4.0/gems/actionpack-5.0.2/lib/action_dispatch/middleware/templates/rescues/diagnostics.html.erb within rescues/layout
  Rendering /Users/stephaniewu/.rbenv/versions/2.4.0/lib/ruby/gems/2.4.0/gems/actionpack-5.0.2/lib/action_dispatch/middleware/templates/rescues/_source.html.erb
  Rendered /Users/stephaniewu/.rbenv/versions/2.4.0/lib/ruby/gems/2.4.0/gems/actionpack-5.0.2/lib/action_dispatch/middleware/templates/rescues/_source.html.erb (7.3ms)
  Rendering /Users/stephaniewu/.rbenv/versions/2.4.0/lib/ruby/gems/2.4.0/gems/actionpack-5.0.2/lib/action_dispatch/middleware/templates/rescues/_trace.html.erb
  Rendered /Users/stephaniewu/.rbenv/versions/2.4.0/lib/ruby/gems/2.4.0/gems/actionpack-5.0.2/lib/action_dispatch/middleware/templates/rescues/_trace.html.erb (3.9ms)
  Rendering /Users/stephaniewu/.rbenv/versions/2.4.0/lib/ruby/gems/2.4.0/gems/actionpack-5.0.2/lib/action_dispatch/middleware/templates/rescues/_request_and_response.html.erb
  Rendered /Users/stephaniewu/.rbenv/versions/2.4.0/lib/ruby/gems/2.4.0/gems/actionpack-5.0.2/lib/action_dispatch/middleware/templates/rescues/_request_and_response.html.erb (2.3ms)
  Rendered /Users/stephaniewu/.rbenv/versions/2.4.0/lib/ruby/gems/2.4.0/gems/actionpack-5.0.2/lib/action_dispatch/middleware/templates/rescues/diagnostics.html.erb within rescues/layout (194.5ms)
Processing by EntriesController#index as JSON
Completed 500 Internal Server Error in 101ms (ActiveRecord: 0.0ms)


  
NoMethodError (undefined method `respond_with' for #<EntriesController:0x007fceca3ca870>
Did you mean?  respond_to):
  
app/controllers/entries_controller.rb:5:in `index'
  Rendering /Users/stephaniewu/.rbenv/versions/2.4.0/lib/ruby/gems/2.4.0/gems/actionpack-5.0.2/lib/action_dispatch/middleware/templates/rescues/diagnostics.html.erb within rescues/layout
  Rendering /Users/stephaniewu/.rbenv/versions/2.4.0/lib/ruby/gems/2.4.0/gems/actionpack-5.0.2/lib/action_dispatch/middleware/templates/rescues/_source.html.erb
  Rendered /Users/stephaniewu/.rbenv/versions/2.4.0/lib/ruby/gems/2.4.0/gems/actionpack-5.0.2/lib/action_dispatch/middleware/templates/rescues/_source.html.erb (3.6ms)
  Rendering /Users/stephaniewu/.rbenv/versions/2.4.0/lib/ruby/gems/2.4.0/gems/actionpack-5.0.2/lib/action_dispatch/middleware/templates/rescues/_trace.html.erb
  Rendered /Users/stephaniewu/.rbenv/versions/2.4.0/lib/ruby/gems/2.4.0/gems/actionpack-5.0.2/lib/action_dispatch/middleware/templates/rescues/_trace.html.erb (2.2ms)
  Rendering /Users/stephaniewu/.rbenv/versions/2.4.0/lib/ruby/gems/2.4.0/gems/actionpack-5.0.2/lib/action_dispatch/middleware/templates/rescues/_request_and_response.html.erb
  Rendered /Users/stephaniewu/.rbenv/versions/2.4.0/lib/ruby/gems/2.4.0/gems/actionpack-5.0.2/lib/action_dispatch/middleware/templates/rescues/_request_and_response.html.erb (0.9ms)
  Rendered /Users/stephaniewu/.rbenv/versions/2.4.0/lib/ruby/gems/2.4.0/gems/actionpack-5.0.2/lib/action_dispatch/middleware/templates/rescues/diagnostics.html.erb within rescues/layout (159.6ms)
Started GET "/api/entries.json" for ::1 at 2017-04-06 19:09:54 -0400
  [1m[36mActiveRecord::SchemaMigration Load (0.3ms)[0m  [1m[34mSELECT "schema_migrations".* FROM "schema_migrations"[0m
  
ActionController::RoutingError (undefined method `respond_to' for EntriesController:Class
Did you mean?  respond_to?):
  
app/controllers/entries_controller.rb:2:in `<class:EntriesController>'
app/controllers/entries_controller.rb:1:in `<top (required)>'
  Rendering /Users/stephaniewu/.rbenv/versions/2.4.0/lib/ruby/gems/2.4.0/gems/actionpack-5.0.2/lib/action_dispatch/middleware/templates/rescues/routing_error.html.erb within rescues/layout
  Rendering /Users/stephaniewu/.rbenv/versions/2.4.0/lib/ruby/gems/2.4.0/gems/actionpack-5.0.2/lib/action_dispatch/middleware/templates/rescues/_trace.html.erb
  Rendered /Users/stephaniewu/.rbenv/versions/2.4.0/lib/ruby/gems/2.4.0/gems/actionpack-5.0.2/lib/action_dispatch/middleware/templates/rescues/_trace.html.erb (2.8ms)
  Rendered collection of /Users/stephaniewu/.rbenv/versions/2.4.0/lib/ruby/gems/2.4.0/gems/actionpack-5.0.2/lib/action_dispatch/middleware/templates/routes/_route.html.erb [9 times] (4.5ms)
  Rendered /Users/stephaniewu/.rbenv/versions/2.4.0/lib/ruby/gems/2.4.0/gems/actionpack-5.0.2/lib/action_dispatch/middleware/templates/routes/_table.html.erb (20.8ms)
  Rendering /Users/stephaniewu/.rbenv/versions/2.4.0/lib/ruby/gems/2.4.0/gems/actionpack-5.0.2/lib/action_dispatch/middleware/templates/rescues/_request_and_response.html.erb
  Rendered /Users/stephaniewu/.rbenv/versions/2.4.0/lib/ruby/gems/2.4.0/gems/actionpack-5.0.2/lib/action_dispatch/middleware/templates/rescues/_request_and_response.html.erb (14.3ms)
  Rendered /Users/stephaniewu/.rbenv/versions/2.4.0/lib/ruby/gems/2.4.0/gems/actionpack-5.0.2/lib/action_dispatch/middleware/templates/rescues/routing_error.html.erb within rescues/layout (186.3ms)
Started PUT "/__web_console/repl_sessions/41534562e750d70e44ca3d77e9869cc4" for ::1 at 2017-04-06 19:09:59 -0400
Started PUT "/__web_console/repl_sessions/41534562e750d70e44ca3d77e9869cc4" for ::1 at 2017-04-06 19:10:00 -0400
Started PUT "/__web_console/repl_sessions/41534562e750d70e44ca3d77e9869cc4" for ::1 at 2017-04-06 19:10:00 -0400
  [1m[36mEntry Load (0.4ms)[0m  [1m[34mSELECT "entries".* FROM "entries"[0m
Started GET "/api/entries.json" for ::1 at 2017-04-06 19:13:47 -0400
  [1m[36mActiveRecord::SchemaMigration Load (0.7ms)[0m  [1m[34mSELECT "schema_migrations".* FROM "schema_migrations"[0m
  
ActionController::RoutingError (undefined method `respond_to' for EntriesController:Class
Did you mean?  respond_to?):
  
app/controllers/entries_controller.rb:2:in `<class:EntriesController>'
app/controllers/entries_controller.rb:1:in `<top (required)>'
  Rendering /Users/stephaniewu/.rbenv/versions/2.4.0/lib/ruby/gems/2.4.0/gems/actionpack-5.0.2/lib/action_dispatch/middleware/templates/rescues/routing_error.html.erb within rescues/layout
  Rendering /Users/stephaniewu/.rbenv/versions/2.4.0/lib/ruby/gems/2.4.0/gems/actionpack-5.0.2/lib/action_dispatch/middleware/templates/rescues/_trace.html.erb
  Rendered /Users/stephaniewu/.rbenv/versions/2.4.0/lib/ruby/gems/2.4.0/gems/actionpack-5.0.2/lib/action_dispatch/middleware/templates/rescues/_trace.html.erb (2.3ms)
  Rendered collection of /Users/stephaniewu/.rbenv/versions/2.4.0/lib/ruby/gems/2.4.0/gems/actionpack-5.0.2/lib/action_dispatch/middleware/templates/routes/_route.html.erb [9 times] (4.3ms)
  Rendered /Users/stephaniewu/.rbenv/versions/2.4.0/lib/ruby/gems/2.4.0/gems/actionpack-5.0.2/lib/action_dispatch/middleware/templates/routes/_table.html.erb (13.2ms)
  Rendering /Users/stephaniewu/.rbenv/versions/2.4.0/lib/ruby/gems/2.4.0/gems/actionpack-5.0.2/lib/action_dispatch/middleware/templates/rescues/_request_and_response.html.erb
  Rendered /Users/stephaniewu/.rbenv/versions/2.4.0/lib/ruby/gems/2.4.0/gems/actionpack-5.0.2/lib/action_dispatch/middleware/templates/rescues/_request_and_response.html.erb (15.3ms)
  Rendered /Users/stephaniewu/.rbenv/versions/2.4.0/lib/ruby/gems/2.4.0/gems/actionpack-5.0.2/lib/action_dispatch/middleware/templates/rescues/routing_error.html.erb within rescues/layout (175.7ms)
Started PUT "/__web_console/repl_sessions/16b86839214c9baa243d5d03753a5c85" for ::1 at 2017-04-06 19:13:52 -0400
Started PUT "/__web_console/repl_sessions/16b86839214c9baa243d5d03753a5c85" for ::1 at 2017-04-06 19:13:56 -0400
Started PUT "/__web_console/repl_sessions/16b86839214c9baa243d5d03753a5c85" for ::1 at 2017-04-06 19:14:02 -0400
Started GET "/api/entries.json" for ::1 at 2017-04-06 19:15:02 -0400
  [1m[36mActiveRecord::SchemaMigration Load (0.6ms)[0m  [1m[34mSELECT "schema_migrations".* FROM "schema_migrations"[0m
Processing by EntriesController#index as JSON
  [1m[36mEntry Load (0.6ms)[0m  [1m[34mSELECT "entries".* FROM "entries"[0m
Completed 200 OK in 45ms (Views: 8.0ms | ActiveRecord: 1.2ms)


Started GET "/" for ::1 at 2017-04-06 19:19:48 -0400
  [1m[36mActiveRecord::SchemaMigration Load (0.6ms)[0m  [1m[34mSELECT "schema_migrations".* FROM "schema_migrations"[0m
Processing by MainController#index as HTML
  Rendering main/index.html.erb within layouts/application
  Rendered main/index.html.erb within layouts/application (2.9ms)
Completed 200 OK in 2427ms (Views: 2409.2ms | ActiveRecord: 0.0ms)


Started GET "/api/entries" for ::1 at 2017-04-06 19:19:51 -0400
Processing by EntriesController#index as JSON
  [1m[36mEntry Load (0.5ms)[0m  [1m[34mSELECT "entries".* FROM "entries"[0m
Completed 200 OK in 39ms (Views: 13.5ms | ActiveRecord: 1.4ms)


Started GET "/" for ::1 at 2017-04-06 19:20:44 -0400
Processing by MainController#index as HTML
  Rendering main/index.html.erb within layouts/application
  Rendered main/index.html.erb within layouts/application (2.1ms)
Completed 200 OK in 746ms (Views: 731.5ms | ActiveRecord: 0.0ms)


Started GET "/api/entries" for ::1 at 2017-04-06 19:20:45 -0400
Processing by EntriesController#index as JSON
  [1m[36mEntry Load (1.1ms)[0m  [1m[34mSELECT "entries".* FROM "entries"[0m
Completed 200 OK in 24ms (Views: 10.9ms | ActiveRecord: 1.1ms)


Started GET "/" for ::1 at 2017-04-06 19:20:48 -0400
Processing by MainController#index as HTML
  Rendering main/index.html.erb within layouts/application
  Rendered main/index.html.erb within layouts/application (0.8ms)
Completed 200 OK in 102ms (Views: 98.3ms | ActiveRecord: 0.0ms)


Started GET "/api/entries" for ::1 at 2017-04-06 19:20:49 -0400
Processing by EntriesController#index as JSON
  [1m[36mEntry Load (9.1ms)[0m  [1m[34mSELECT "entries".* FROM "entries"[0m
Completed 200 OK in 27ms (Views: 4.3ms | ActiveRecord: 9.1ms)


Started GET "/" for ::1 at 2017-04-06 19:21:01 -0400
  [1m[36mActiveRecord::SchemaMigration Load (0.3ms)[0m  [1m[34mSELECT "schema_migrations".* FROM "schema_migrations"[0m
Processing by MainController#index as HTML
  Rendering main/index.html.erb within layouts/application
  Rendered main/index.html.erb within layouts/application (1.7ms)
Completed 200 OK in 595ms (Views: 578.5ms | ActiveRecord: 0.0ms)


Started GET "/api/entries" for ::1 at 2017-04-06 19:21:02 -0400
Processing by EntriesController#index as JSON
  [1m[36mEntry Load (0.4ms)[0m  [1m[34mSELECT "entries".* FROM "entries"[0m
Completed 200 OK in 56ms (Views: 18.2ms | ActiveRecord: 1.4ms)


Started GET "/" for ::1 at 2017-04-06 19:21:40 -0400
Processing by MainController#index as HTML
  Rendering main/index.html.erb within layouts/application
  Rendered main/index.html.erb within layouts/application (2.0ms)
Completed 200 OK in 1081ms (Views: 1071.2ms | ActiveRecord: 0.0ms)


Started GET "/api/entries" for ::1 at 2017-04-06 19:21:41 -0400
Processing by EntriesController#index as JSON
  [1m[36mEntry Load (8.7ms)[0m  [1m[34mSELECT "entries".* FROM "entries"[0m
Completed 200 OK in 30ms (Views: 11.5ms | ActiveRecord: 8.7ms)


Started GET "/" for ::1 at 2017-04-06 19:21:52 -0400
Processing by MainController#index as HTML
  Rendering main/index.html.erb within layouts/application
  Rendered main/index.html.erb within layouts/application (18.8ms)
Completed 200 OK in 198ms (Views: 191.5ms | ActiveRecord: 0.0ms)


Started GET "/api/entries" for ::1 at 2017-04-06 19:21:53 -0400
Processing by EntriesController#index as JSON
  [1m[36mEntry Load (0.6ms)[0m  [1m[34mSELECT "entries".* FROM "entries"[0m
Completed 200 OK in 11ms (Views: 4.3ms | ActiveRecord: 0.6ms)


Started GET "/" for ::1 at 2017-04-06 19:25:41 -0400
  [1m[36mActiveRecord::SchemaMigration Load (0.2ms)[0m  [1m[34mSELECT "schema_migrations".* FROM "schema_migrations"[0m
Processing by MainController#index as HTML
  Rendering main/index.html.erb within layouts/application
  Rendered main/index.html.erb within layouts/application (2.2ms)
Completed 200 OK in 595ms (Views: 582.7ms | ActiveRecord: 0.0ms)


Started GET "/api/entries" for ::1 at 2017-04-06 19:25:43 -0400
Processing by EntriesController#index as JSON
  [1m[36mEntry Load (0.6ms)[0m  [1m[34mSELECT "entries".* FROM "entries"[0m
Completed 200 OK in 36ms (Views: 12.6ms | ActiveRecord: 1.7ms)


  [1m[36mEntry Load (2.8ms)[0m  [1m[34mSELECT "entries".* FROM "entries"[0m
  [1m[36mEntry Load (0.2ms)[0m  [1m[34mSELECT "entries".* FROM "entries"[0m
Started GET "/" for ::1 at 2017-04-06 19:29:52 -0400
  [1m[36mActiveRecord::SchemaMigration Load (0.6ms)[0m  [1m[34mSELECT "schema_migrations".* FROM "schema_migrations"[0m
Processing by MainController#index as HTML
  Rendering main/index.html.erb within layouts/application
  Rendered main/index.html.erb within layouts/application (2.9ms)
Completed 200 OK in 1439ms (Views: 1424.3ms | ActiveRecord: 0.0ms)


Started GET "/api/entries" for ::1 at 2017-04-06 19:29:54 -0400
Processing by EntriesController#index as JSON
  [1m[36mEntry Load (1.3ms)[0m  [1m[34mSELECT "entries".* FROM "entries"[0m
Completed 200 OK in 68ms (Views: 30.8ms | ActiveRecord: 4.6ms)


Started GET "/api/entries" for ::1 at 2017-04-06 19:30:14 -0400
Processing by EntriesController#index as HTML
Completed 406 Not Acceptable in 3ms (ActiveRecord: 0.0ms)


  
ActionController::UnknownFormat (ActionController::UnknownFormat):
  
app/controllers/entries_controller.rb:5:in `index'
  Rendering /Users/stephaniewu/.rbenv/versions/2.4.0/lib/ruby/gems/2.4.0/gems/actionpack-5.0.2/lib/action_dispatch/middleware/templates/rescues/diagnostics.html.erb within rescues/layout
  Rendering /Users/stephaniewu/.rbenv/versions/2.4.0/lib/ruby/gems/2.4.0/gems/actionpack-5.0.2/lib/action_dispatch/middleware/templates/rescues/_source.html.erb
  Rendered /Users/stephaniewu/.rbenv/versions/2.4.0/lib/ruby/gems/2.4.0/gems/actionpack-5.0.2/lib/action_dispatch/middleware/templates/rescues/_source.html.erb (4.4ms)
  Rendering /Users/stephaniewu/.rbenv/versions/2.4.0/lib/ruby/gems/2.4.0/gems/actionpack-5.0.2/lib/action_dispatch/middleware/templates/rescues/_trace.html.erb
  Rendered /Users/stephaniewu/.rbenv/versions/2.4.0/lib/ruby/gems/2.4.0/gems/actionpack-5.0.2/lib/action_dispatch/middleware/templates/rescues/_trace.html.erb (3.8ms)
  Rendering /Users/stephaniewu/.rbenv/versions/2.4.0/lib/ruby/gems/2.4.0/gems/actionpack-5.0.2/lib/action_dispatch/middleware/templates/rescues/_request_and_response.html.erb
  Rendered /Users/stephaniewu/.rbenv/versions/2.4.0/lib/ruby/gems/2.4.0/gems/actionpack-5.0.2/lib/action_dispatch/middleware/templates/rescues/_request_and_response.html.erb (0.8ms)
  Rendered /Users/stephaniewu/.rbenv/versions/2.4.0/lib/ruby/gems/2.4.0/gems/actionpack-5.0.2/lib/action_dispatch/middleware/templates/rescues/diagnostics.html.erb within rescues/layout (107.5ms)
Started GET "/api/entries" for ::1 at 2017-04-06 19:31:48 -0400
Processing by EntriesController#index as HTML
Completed 406 Not Acceptable in 15ms (ActiveRecord: 0.0ms)


  
ActionController::UnknownFormat (ActionController::UnknownFormat):
  
app/controllers/entries_controller.rb:5:in `index'
  Rendering /Users/stephaniewu/.rbenv/versions/2.4.0/lib/ruby/gems/2.4.0/gems/actionpack-5.0.2/lib/action_dispatch/middleware/templates/rescues/diagnostics.html.erb within rescues/layout
  Rendering /Users/stephaniewu/.rbenv/versions/2.4.0/lib/ruby/gems/2.4.0/gems/actionpack-5.0.2/lib/action_dispatch/middleware/templates/rescues/_source.html.erb
  Rendered /Users/stephaniewu/.rbenv/versions/2.4.0/lib/ruby/gems/2.4.0/gems/actionpack-5.0.2/lib/action_dispatch/middleware/templates/rescues/_source.html.erb (11.6ms)
  Rendering /Users/stephaniewu/.rbenv/versions/2.4.0/lib/ruby/gems/2.4.0/gems/actionpack-5.0.2/lib/action_dispatch/middleware/templates/rescues/_trace.html.erb
  Rendered /Users/stephaniewu/.rbenv/versions/2.4.0/lib/ruby/gems/2.4.0/gems/actionpack-5.0.2/lib/action_dispatch/middleware/templates/rescues/_trace.html.erb (6.2ms)
  Rendering /Users/stephaniewu/.rbenv/versions/2.4.0/lib/ruby/gems/2.4.0/gems/actionpack-5.0.2/lib/action_dispatch/middleware/templates/rescues/_request_and_response.html.erb
  Rendered /Users/stephaniewu/.rbenv/versions/2.4.0/lib/ruby/gems/2.4.0/gems/actionpack-5.0.2/lib/action_dispatch/middleware/templates/rescues/_request_and_response.html.erb (4.1ms)
  Rendered /Users/stephaniewu/.rbenv/versions/2.4.0/lib/ruby/gems/2.4.0/gems/actionpack-5.0.2/lib/action_dispatch/middleware/templates/rescues/diagnostics.html.erb within rescues/layout (134.9ms)
Started PUT "/__web_console/repl_sessions/d71754044c206f70693074f486560c49" for ::1 at 2017-04-06 19:32:02 -0400
Started PUT "/__web_console/repl_sessions/d71754044c206f70693074f486560c49" for ::1 at 2017-04-06 19:32:06 -0400
Started GET "/api/entries" for ::1 at 2017-04-06 19:33:06 -0400
Processing by EntriesController#index as JSON
  [1m[36mEntry Load (0.5ms)[0m  [1m[34mSELECT "entries".* FROM "entries"[0m
Completed 200 OK in 38ms (Views: 17.1ms | ActiveRecord: 1.0ms)


Started GET "/" for ::1 at 2017-04-06 19:33:10 -0400
Processing by MainController#index as HTML
  Rendering main/index.html.erb within layouts/application
  Rendered main/index.html.erb within layouts/application (1.1ms)
Completed 200 OK in 960ms (Views: 955.5ms | ActiveRecord: 0.0ms)


Started GET "/api/entries" for ::1 at 2017-04-06 19:33:12 -0400
Processing by EntriesController#index as JSON
  [1m[36mEntry Load (0.4ms)[0m  [1m[34mSELECT "entries".* FROM "entries"[0m
Completed 200 OK in 11ms (Views: 3.5ms | ActiveRecord: 0.4ms)


Started GET "/api/entries" for ::1 at 2017-04-06 19:33:24 -0400
Processing by EntriesController#index as JSON
  [1m[36mEntry Load (0.5ms)[0m  [1m[34mSELECT "entries".* FROM "entries"[0m
Completed 200 OK in 25ms (Views: 17.7ms | ActiveRecord: 0.5ms)


Started GET "/" for ::1 at 2017-04-06 19:33:43 -0400
Processing by MainController#index as HTML
  Rendering main/index.html.erb within layouts/application
  Rendered main/index.html.erb within layouts/application (0.5ms)
Completed 200 OK in 689ms (Views: 683.5ms | ActiveRecord: 0.0ms)


Started GET "/api/entries" for ::1 at 2017-04-06 19:33:45 -0400
Processing by EntriesController#index as JSON
  [1m[36mEntry Load (0.6ms)[0m  [1m[34mSELECT "entries".* FROM "entries"[0m
Completed 200 OK in 8ms (Views: 3.7ms | ActiveRecord: 0.6ms)


Started GET "/" for ::1 at 2017-04-06 19:34:51 -0400
Processing by MainController#index as HTML
  Rendering main/index.html.erb within layouts/application
  Rendered main/index.html.erb within layouts/application (1.1ms)
Completed 200 OK in 140ms (Views: 134.4ms | ActiveRecord: 0.0ms)


Started GET "/api/entries" for ::1 at 2017-04-06 19:34:52 -0400
Processing by EntriesController#index as JSON
  [1m[36mEntry Load (2.5ms)[0m  [1m[34mSELECT "entries".* FROM "entries"[0m
Completed 200 OK in 44ms (Views: 26.1ms | ActiveRecord: 3.6ms)


Started GET "/" for ::1 at 2017-04-06 19:35:06 -0400
Processing by MainController#index as HTML
  Rendering main/index.html.erb within layouts/application
  Rendered main/index.html.erb within layouts/application (0.5ms)
Completed 200 OK in 49ms (Views: 46.5ms | ActiveRecord: 0.0ms)


Started GET "/api/entries" for ::1 at 2017-04-06 19:35:06 -0400
Processing by EntriesController#index as JSON
  [1m[36mEntry Load (0.5ms)[0m  [1m[34mSELECT "entries".* FROM "entries"[0m
Completed 200 OK in 30ms (Views: 13.8ms | ActiveRecord: 1.5ms)


Started GET "/" for ::1 at 2017-04-06 19:36:11 -0400
Processing by MainController#index as HTML
  Rendering main/index.html.erb within layouts/application
  Rendered main/index.html.erb within layouts/application (2.5ms)
Completed 200 OK in 102ms (Views: 95.7ms | ActiveRecord: 0.0ms)


Started GET "/api/entries" for ::1 at 2017-04-06 19:36:13 -0400
Processing by EntriesController#index as JSON
  [1m[36mEntry Load (0.8ms)[0m  [1m[34mSELECT "entries".* FROM "entries"[0m
Completed 200 OK in 46ms (Views: 16.7ms | ActiveRecord: 1.8ms)


Started GET "/index" for ::1 at 2017-04-06 19:36:14 -0400
  
ActionController::RoutingError (No route matches [GET] "/index"):
  
actionpack (5.0.2) lib/action_dispatch/middleware/debug_exceptions.rb:53:in `call'
web-console (3.5.0) lib/web_console/middleware.rb:135:in `call_app'
web-console (3.5.0) lib/web_console/middleware.rb:28:in `block in call'
web-console (3.5.0) lib/web_console/middleware.rb:18:in `catch'
web-console (3.5.0) lib/web_console/middleware.rb:18:in `call'
actionpack (5.0.2) lib/action_dispatch/middleware/show_exceptions.rb:31:in `call'
railties (5.0.2) lib/rails/rack/logger.rb:36:in `call_app'
railties (5.0.2) lib/rails/rack/logger.rb:24:in `block in call'
activesupport (5.0.2) lib/active_support/tagged_logging.rb:69:in `block in tagged'
activesupport (5.0.2) lib/active_support/tagged_logging.rb:26:in `tagged'
activesupport (5.0.2) lib/active_support/tagged_logging.rb:69:in `tagged'
railties (5.0.2) lib/rails/rack/logger.rb:24:in `call'
sprockets-rails (3.2.0) lib/sprockets/rails/quiet_assets.rb:13:in `call'
actionpack (5.0.2) lib/action_dispatch/middleware/request_id.rb:24:in `call'
rack (2.0.1) lib/rack/method_override.rb:22:in `call'
rack (2.0.1) lib/rack/runtime.rb:22:in `call'
activesupport (5.0.2) lib/active_support/cache/strategy/local_cache_middleware.rb:28:in `call'
actionpack (5.0.2) lib/action_dispatch/middleware/executor.rb:12:in `call'
actionpack (5.0.2) lib/action_dispatch/middleware/static.rb:136:in `call'
rack (2.0.1) lib/rack/sendfile.rb:111:in `call'
railties (5.0.2) lib/rails/engine.rb:522:in `call'
puma (3.8.2) lib/puma/configuration.rb:224:in `call'
puma (3.8.2) lib/puma/server.rb:600:in `handle_request'
puma (3.8.2) lib/puma/server.rb:435:in `process_client'
puma (3.8.2) lib/puma/server.rb:299:in `block in run'
puma (3.8.2) lib/puma/thread_pool.rb:120:in `block in spawn_thread'
  Rendering /Users/stephaniewu/.rbenv/versions/2.4.0/lib/ruby/gems/2.4.0/gems/actionpack-5.0.2/lib/action_dispatch/middleware/templates/rescues/routing_error.html.erb within rescues/layout
  Rendering /Users/stephaniewu/.rbenv/versions/2.4.0/lib/ruby/gems/2.4.0/gems/actionpack-5.0.2/lib/action_dispatch/middleware/templates/rescues/_trace.html.erb
  Rendered /Users/stephaniewu/.rbenv/versions/2.4.0/lib/ruby/gems/2.4.0/gems/actionpack-5.0.2/lib/action_dispatch/middleware/templates/rescues/_trace.html.erb (2.3ms)
  Rendered collection of /Users/stephaniewu/.rbenv/versions/2.4.0/lib/ruby/gems/2.4.0/gems/actionpack-5.0.2/lib/action_dispatch/middleware/templates/routes/_route.html.erb [9 times] (8.2ms)
  Rendered /Users/stephaniewu/.rbenv/versions/2.4.0/lib/ruby/gems/2.4.0/gems/actionpack-5.0.2/lib/action_dispatch/middleware/templates/routes/_table.html.erb (41.5ms)
  Rendering /Users/stephaniewu/.rbenv/versions/2.4.0/lib/ruby/gems/2.4.0/gems/actionpack-5.0.2/lib/action_dispatch/middleware/templates/rescues/_request_and_response.html.erb
  Rendered /Users/stephaniewu/.rbenv/versions/2.4.0/lib/ruby/gems/2.4.0/gems/actionpack-5.0.2/lib/action_dispatch/middleware/templates/rescues/_request_and_response.html.erb (1.7ms)
  Rendered /Users/stephaniewu/.rbenv/versions/2.4.0/lib/ruby/gems/2.4.0/gems/actionpack-5.0.2/lib/action_dispatch/middleware/templates/rescues/routing_error.html.erb within rescues/layout (237.8ms)
Started GET "/" for ::1 at 2017-04-06 19:36:17 -0400
Processing by MainController#index as HTML
  Rendering main/index.html.erb within layouts/application
  Rendered main/index.html.erb within layouts/application (1.1ms)
Completed 200 OK in 109ms (Views: 104.5ms | ActiveRecord: 0.0ms)


Started GET "/api/entries" for ::1 at 2017-04-06 19:36:18 -0400
Processing by EntriesController#index as JSON
  [1m[36mEntry Load (0.9ms)[0m  [1m[34mSELECT "entries".* FROM "entries"[0m
Completed 200 OK in 14ms (Views: 6.2ms | ActiveRecord: 0.9ms)


Started GET "/" for ::1 at 2017-04-06 19:40:24 -0400
Processing by MainController#index as HTML
  Rendering main/index.html.erb within layouts/application
  Rendered main/index.html.erb within layouts/application (8.4ms)
Completed 200 OK in 136ms (Views: 122.5ms | ActiveRecord: 0.0ms)


Started GET "/api/entries" for ::1 at 2017-04-06 19:40:25 -0400
Processing by EntriesController#index as JSON
  [1m[36mEntry Load (1.1ms)[0m  [1m[34mSELECT "entries".* FROM "entries"[0m
Completed 200 OK in 29ms (Views: 21.7ms | ActiveRecord: 1.1ms)


Started GET "/api/entries" for ::1 at 2017-04-06 19:41:05 -0400
Processing by EntriesController#index as JSON
  [1m[36mEntry Load (0.7ms)[0m  [1m[34mSELECT "entries".* FROM "entries"[0m
Completed 200 OK in 13ms (Views: 5.5ms | ActiveRecord: 0.7ms)


Started GET "/" for ::1 at 2017-04-06 19:41:21 -0400
Processing by MainController#index as HTML
  Rendering main/index.html.erb within layouts/application
  Rendered main/index.html.erb within layouts/application (4.6ms)
Completed 200 OK in 196ms (Views: 191.4ms | ActiveRecord: 0.0ms)


Started GET "/api/entries" for ::1 at 2017-04-06 19:41:21 -0400
Processing by EntriesController#index as JSON
  [1m[36mEntry Load (0.6ms)[0m  [1m[34mSELECT "entries".* FROM "entries"[0m
Completed 200 OK in 11ms (Views: 5.9ms | ActiveRecord: 0.6ms)


Started GET "/" for ::1 at 2017-04-06 19:42:25 -0400
Processing by MainController#index as HTML
  Rendering main/index.html.erb within layouts/application
  Rendered main/index.html.erb within layouts/application (5.2ms)
Completed 200 OK in 889ms (Views: 875.4ms | ActiveRecord: 0.0ms)


Started GET "/api/entries" for ::1 at 2017-04-06 19:42:26 -0400
Processing by EntriesController#index as JSON
  [1m[36mEntry Load (0.8ms)[0m  [1m[34mSELECT "entries".* FROM "entries"[0m
Completed 200 OK in 18ms (Views: 7.0ms | ActiveRecord: 0.8ms)


Started GET "/" for ::1 at 2017-04-06 19:42:34 -0400
Processing by MainController#index as HTML
  Rendering main/index.html.erb within layouts/application
  Rendered main/index.html.erb within layouts/application (0.6ms)
Completed 200 OK in 47ms (Views: 42.9ms | ActiveRecord: 0.0ms)


Started GET "/api/entries" for ::1 at 2017-04-06 19:42:35 -0400
Processing by EntriesController#index as JSON
  [1m[36mEntry Load (0.3ms)[0m  [1m[34mSELECT "entries".* FROM "entries"[0m
Completed 200 OK in 9ms (Views: 3.1ms | ActiveRecord: 0.3ms)


Started GET "/" for ::1 at 2017-04-06 19:42:42 -0400
Processing by MainController#index as HTML
  Rendering main/index.html.erb within layouts/application
  Rendered main/index.html.erb within layouts/application (0.5ms)
Completed 200 OK in 609ms (Views: 606.3ms | ActiveRecord: 0.0ms)


Started GET "/api/entries" for ::1 at 2017-04-06 19:42:43 -0400
Processing by EntriesController#index as JSON
  [1m[36mEntry Load (0.4ms)[0m  [1m[34mSELECT "entries".* FROM "entries"[0m
Completed 200 OK in 20ms (Views: 13.1ms | ActiveRecord: 0.4ms)


Started GET "/" for ::1 at 2017-04-06 19:42:48 -0400
Processing by MainController#index as HTML
  Rendering main/index.html.erb within layouts/application
  Rendered main/index.html.erb within layouts/application (9.0ms)
Completed 200 OK in 137ms (Views: 127.0ms | ActiveRecord: 0.0ms)


Started GET "/api/entries" for ::1 at 2017-04-06 19:42:49 -0400
Processing by EntriesController#index as JSON
  [1m[36mEntry Load (2.0ms)[0m  [1m[34mSELECT "entries".* FROM "entries"[0m
Completed 200 OK in 35ms (Views: 16.6ms | ActiveRecord: 2.0ms)


Started GET "/" for ::1 at 2017-04-06 19:45:13 -0400
Processing by MainController#index as HTML
  Rendering main/index.html.erb within layouts/application
  Rendered main/index.html.erb within layouts/application (4.4ms)
Completed 200 OK in 1148ms (Views: 1129.0ms | ActiveRecord: 0.0ms)


Started GET "/api/entries" for ::1 at 2017-04-06 19:45:15 -0400
Processing by EntriesController#index as JSON
  [1m[36mEntry Load (0.7ms)[0m  [1m[34mSELECT "entries".* FROM "entries"[0m
Completed 200 OK in 22ms (Views: 13.8ms | ActiveRecord: 0.7ms)


Started GET "/" for ::1 at 2017-04-06 19:46:41 -0400
Processing by MainController#index as HTML
  Rendering main/index.html.erb within layouts/application
  Rendered main/index.html.erb within layouts/application (5.0ms)
Completed 200 OK in 935ms (Views: 924.0ms | ActiveRecord: 0.0ms)


Started GET "/api/entries" for ::1 at 2017-04-06 19:46:43 -0400
Processing by EntriesController#index as JSON
  [1m[36mEntry Load (0.7ms)[0m  [1m[34mSELECT "entries".* FROM "entries"[0m
Completed 200 OK in 13ms (Views: 6.8ms | ActiveRecord: 0.7ms)


Started GET "/api/entries" for ::1 at 2017-04-06 19:46:49 -0400
Processing by EntriesController#index as JSON
  [1m[36mEntry Load (0.4ms)[0m  [1m[34mSELECT "entries".* FROM "entries"[0m
Completed 200 OK in 9ms (Views: 2.7ms | ActiveRecord: 0.4ms)


Started GET "/api/entries.json" for ::1 at 2017-04-06 19:46:49 -0400
Processing by EntriesController#index as JSON
  [1m[36mEntry Load (0.5ms)[0m  [1m[34mSELECT "entries".* FROM "entries"[0m
Completed 200 OK in 17ms (Views: 2.8ms | ActiveRecord: 0.5ms)


Started GET "/" for ::1 at 2017-04-06 19:46:51 -0400
Processing by MainController#index as HTML
  Rendering main/index.html.erb within layouts/application
  Rendered main/index.html.erb within layouts/application (0.8ms)
Completed 200 OK in 73ms (Views: 69.6ms | ActiveRecord: 0.0ms)


Started GET "/api/entries" for ::1 at 2017-04-06 19:46:52 -0400
Processing by EntriesController#index as JSON
  [1m[36mEntry Load (0.5ms)[0m  [1m[34mSELECT "entries".* FROM "entries"[0m
Completed 200 OK in 12ms (Views: 4.7ms | ActiveRecord: 0.5ms)


Started GET "/api/entries" for ::1 at 2017-04-06 19:47:15 -0400
Processing by EntriesController#index as JSON
  [1m[36mEntry Load (0.3ms)[0m  [1m[34mSELECT "entries".* FROM "entries"[0m
Completed 200 OK in 10ms (Views: 3.4ms | ActiveRecord: 0.3ms)


Started PUT "/api/entries/3" for ::1 at 2017-04-06 19:48:47 -0400
Processing by EntriesController#update as JSON
  Parameters: {"id"=>"3", "name"=>"Hermione", "winner"=>true, "created_at"=>"2017-04-06T23:06:54.921Z", "updated_at"=>"2017-04-06T23:06:54.921Z", "entry"=>{"id"=>"3", "name"=>"Hermione", "winner"=>true, "created_at"=>"2017-04-06T23:06:54.921Z", "updated_at"=>"2017-04-06T23:06:54.921Z"}}
  [1m[36mEntry Load (0.9ms)[0m  [1m[34mSELECT  "entries".* FROM "entries" WHERE "entries"."id" = ? LIMIT ?[0m  [["id", 3], ["LIMIT", 1]]
  [1m[35m (1.4ms)[0m  [1m[36mbegin transaction[0m
  [1m[35m (0.1ms)[0m  [1m[31mrollback transaction[0m
Completed 500 Internal Server Error in 24ms (ActiveRecord: 2.4ms)


  
ActiveModel::ForbiddenAttributesError (ActiveModel::ForbiddenAttributesError):
  
app/controllers/entries_controller.rb:17:in `update'
  Rendering /Users/stephaniewu/.rbenv/versions/2.4.0/lib/ruby/gems/2.4.0/gems/actionpack-5.0.2/lib/action_dispatch/middleware/templates/rescues/diagnostics.text.erb
  Rendering /Users/stephaniewu/.rbenv/versions/2.4.0/lib/ruby/gems/2.4.0/gems/actionpack-5.0.2/lib/action_dispatch/middleware/templates/rescues/_source.text.erb
  Rendered /Users/stephaniewu/.rbenv/versions/2.4.0/lib/ruby/gems/2.4.0/gems/actionpack-5.0.2/lib/action_dispatch/middleware/templates/rescues/_source.text.erb (1.4ms)
  Rendering /Users/stephaniewu/.rbenv/versions/2.4.0/lib/ruby/gems/2.4.0/gems/actionpack-5.0.2/lib/action_dispatch/middleware/templates/rescues/_trace.text.erb
  Rendered /Users/stephaniewu/.rbenv/versions/2.4.0/lib/ruby/gems/2.4.0/gems/actionpack-5.0.2/lib/action_dispatch/middleware/templates/rescues/_trace.text.erb (1.9ms)
  Rendering /Users/stephaniewu/.rbenv/versions/2.4.0/lib/ruby/gems/2.4.0/gems/actionpack-5.0.2/lib/action_dispatch/middleware/templates/rescues/_request_and_response.text.erb
  Rendered /Users/stephaniewu/.rbenv/versions/2.4.0/lib/ruby/gems/2.4.0/gems/actionpack-5.0.2/lib/action_dispatch/middleware/templates/rescues/_request_and_response.text.erb (1.5ms)
  Rendered /Users/stephaniewu/.rbenv/versions/2.4.0/lib/ruby/gems/2.4.0/gems/actionpack-5.0.2/lib/action_dispatch/middleware/templates/rescues/diagnostics.text.erb (101.1ms)
Started GET "/api/entries/1" for ::1 at 2017-04-06 19:49:54 -0400
Processing by EntriesController#show as JSON
  Parameters: {"id"=>"1"}
  [1m[36mEntry Load (2.2ms)[0m  [1m[34mSELECT  "entries".* FROM "entries" WHERE "entries"."id" = ? LIMIT ?[0m  [["id", 1], ["LIMIT", 1]]
Completed 200 OK in 96ms (Views: 3.6ms | ActiveRecord: 2.2ms)


Started GET "/api/entries/3" for ::1 at 2017-04-06 19:49:58 -0400
Processing by EntriesController#show as JSON
  Parameters: {"id"=>"3"}
  [1m[36mEntry Load (0.5ms)[0m  [1m[34mSELECT  "entries".* FROM "entries" WHERE "entries"."id" = ? LIMIT ?[0m  [["id", 3], ["LIMIT", 1]]
Completed 200 OK in 12ms (Views: 1.9ms | ActiveRecord: 0.5ms)


Started GET "/api/entries/1" for ::1 at 2017-04-06 19:50:11 -0400
Processing by EntriesController#show as JSON
  Parameters: {"id"=>"1"}
  [1m[36mEntry Load (0.4ms)[0m  [1m[34mSELECT  "entries".* FROM "entries" WHERE "entries"."id" = ? LIMIT ?[0m  [["id", 1], ["LIMIT", 1]]
Completed 200 OK in 10ms (Views: 1.3ms | ActiveRecord: 0.4ms)


Started GET "/" for ::1 at 2017-04-06 19:50:11 -0400
Processing by MainController#index as HTML
  Rendering main/index.html.erb within layouts/application
  Rendered main/index.html.erb within layouts/application (1.9ms)
Completed 200 OK in 98ms (Views: 94.3ms | ActiveRecord: 0.0ms)


Started GET "/api/entries" for ::1 at 2017-04-06 19:50:12 -0400
Processing by EntriesController#index as JSON
  [1m[36mEntry Load (0.3ms)[0m  [1m[34mSELECT "entries".* FROM "entries"[0m
Completed 200 OK in 13ms (Views: 6.3ms | ActiveRecord: 0.3ms)


Started GET "/" for ::1 at 2017-04-06 19:58:06 -0400
Processing by MainController#index as HTML
  Rendering main/index.html.erb within layouts/application
  Rendered main/index.html.erb within layouts/application (1.7ms)
Completed 200 OK in 780ms (Views: 773.4ms | ActiveRecord: 0.0ms)


Started GET "/api/entries" for ::1 at 2017-04-06 19:58:08 -0400
Processing by EntriesController#index as JSON
  [1m[36mEntry Load (0.8ms)[0m  [1m[34mSELECT "entries".* FROM "entries"[0m
Completed 200 OK in 21ms (Views: 14.9ms | ActiveRecord: 0.8ms)


